<?xml version="1.0" encoding="UTF-8"?>
<!-- Generated by org.testng.reporters.JUnitReportReporter -->
<testsuite hostname="DESKTOP-BPCSJES" failures="0" tests="2" name="a2_annotationspack1.DBTest2" time="0.010" errors="0" timestamp="2022-02-27T13:38:01 IST" skipped="0">
  <testcase classname="a2_annotationspack1.DBTest2" name="test_select" time="0.007"/>
  <system-out/>
  <testcase classname="a2_annotationspack1.DBTest2" name="test_delete" time="0.003"/>
  <system-out/>
</testsuite> <!-- a2_annotationspack1.DBTest2 -->
