<?xml version="1.0" encoding="UTF-8"?>
<!-- Generated by org.testng.reporters.JUnitReportReporter -->
<testsuite hostname="DESKTOP-BPCSJES" failures="0" tests="4" name="simpletestcases.FirstTestCase" time="0.022" errors="0" timestamp="2022-02-27T13:01:19 IST" skipped="0">
  <testcase classname="simpletestcases.FirstTestCase" name="launchapp" time="0.015"/>
  <system-out/>
  <testcase classname="simpletestcases.FirstTestCase" name="login" time="0.003"/>
  <system-out/>
  <testcase classname="simpletestcases.FirstTestCase" name="logout" time="0.002"/>
  <system-out/>
  <testcase classname="simpletestcases.FirstTestCase" name="closeapp" time="0.002"/>
  <system-out/>
</testsuite> <!-- simpletestcases.FirstTestCase -->
