<?xml version="1.0" encoding="UTF-8"?>
<!-- Generated by org.testng.reporters.JUnitReportReporter -->
<testsuite hostname="DESKTOP-BPCSJES" failures="0" tests="2" name="a2_annotations.AllAnnotations" time="0.013" errors="0" timestamp="2022-02-27T13:39:10 IST" skipped="0">
  <testcase classname="a2_annotations.AllAnnotations" name="tm1" time="0.010"/>
  <system-out/>
  <testcase classname="a2_annotations.AllAnnotations" name="tm2" time="0.003"/>
  <system-out/>
</testsuite> <!-- a2_annotations.AllAnnotations -->
