<?xml version="1.0" encoding="UTF-8"?>
<!-- Generated by org.testng.reporters.JUnitReportReporter -->
<testsuite hostname="DESKTOP-BPCSJES" failures="0" tests="3" name="a3_parameterization.InvocationCountDemo" time="25.830" errors="0" timestamp="2022-02-27T18:01:35 IST" skipped="0">
  <testcase classname="a3_parameterization.InvocationCountDemo" name="verifyTitle" time="6.307"/>
  <system-out/>
  <testcase classname="a3_parameterization.InvocationCountDemo" name="verifyTitle" time="11.121"/>
  <system-out/>
  <testcase classname="a3_parameterization.InvocationCountDemo" name="verifyTitle" time="8.402"/>
  <system-out/>
</testsuite> <!-- a3_parameterization.InvocationCountDemo -->
