<?xml version="1.0" encoding="UTF-8"?>
<!-- Generated by org.testng.reporters.JUnitReportReporter -->
<testsuite hostname="DESKTOP-BPCSJES" failures="0" tests="4" name="a2_annotations.Annotations2" time="0.018" errors="0" timestamp="2022-02-27T13:32:30 IST" skipped="0">
  <testcase classname="a2_annotations.Annotations2" name="search" time="0.010"/>
  <system-out/>
  <testcase classname="a2_annotations.Annotations2" name="Advsearch" time="0.002"/>
  <system-out/>
  <testcase classname="a2_annotations.Annotations2" name="prepaidrecharge" time="0.001"/>
  <system-out/>
  <testcase classname="a2_annotations.Annotations2" name="postpaidrecharge" time="0.005"/>
  <system-out/>
</testsuite> <!-- a2_annotations.Annotations2 -->
