<?xml version="1.0" encoding="UTF-8"?>
<!-- Generated by org.testng.reporters.JUnitReportReporter -->
<testsuite hostname="DESKTOP-BPCSJES" failures="0" tests="2" name="b2_pom.OrangeHRMTest" time="6.692" errors="0" timestamp="2022-02-28T21:30:54 IST" skipped="0">
  <testcase classname="b2_pom.OrangeHRMTest" name="test_logo" time="0.221"/>
  <system-out/>
  <testcase classname="b2_pom.OrangeHRMTest" name="test_login" time="6.471"/>
  <system-out/>
</testsuite> <!-- b2_pom.OrangeHRMTest -->
