<?xml version="1.0" encoding="UTF-8"?>
<!-- Generated by org.testng.reporters.JUnitReportReporter -->
<testsuite hostname="DESKTOP-BPCSJES" failures="0" tests="2" name="a2_annotations.Annotations1" time="0.022" errors="0" timestamp="2022-02-27T13:31:22 IST" skipped="0">
  <testcase classname="a2_annotations.Annotations1" name="search" time="0.012"/>
  <system-out/>
  <testcase classname="a2_annotations.Annotations1" name="Advsearch" time="0.010"/>
  <system-out/>
</testsuite> <!-- a2_annotations.Annotations1 -->
