<?xml version="1.0" encoding="UTF-8"?>
<!-- Generated by org.testng.reporters.JUnitReportReporter -->
<testsuite hostname="DESKTOP-BPCSJES" failures="0" tests="3" name="a1_simpletestcases.SecondTestCase" time="15.927" errors="0" timestamp="2022-02-27T13:25:42 IST" skipped="0">
  <testcase classname="a1_simpletestcases.SecondTestCase" name="openApp" time="6.673"/>
  <system-out/>
  <testcase classname="a1_simpletestcases.SecondTestCase" name="login" time="9.021"/>
  <system-out/>
  <testcase classname="a1_simpletestcases.SecondTestCase" name="closeApp" time="0.233"/>
  <system-out/>
</testsuite> <!-- a1_simpletestcases.SecondTestCase -->
