<?xml version="1.0" encoding="UTF-8"?>
<!-- Generated by org.testng.reporters.JUnitReportReporter -->
<testsuite hostname="DESKTOP-BPCSJES" failures="0" tests="6" name="a3_parameterization.ParamTest" time="1.566" errors="0" timestamp="2022-02-27T16:23:55 IST" skipped="0">
  <testcase classname="a3_parameterization.ParamTest" name="testLogo" time="0.192"/>
  <system-out/>
  <testcase classname="a3_parameterization.ParamTest" name="testLogo" time="1.076"/>
  <system-out/>
  <testcase classname="a3_parameterization.ParamTest" name="testLogo" time="0.220"/>
  <system-out/>
  <testcase classname="a3_parameterization.ParamTest" name="testTitle" time="0.035"/>
  <system-out/>
  <testcase classname="a3_parameterization.ParamTest" name="testTitle" time="0.021"/>
  <system-out/>
  <testcase classname="a3_parameterization.ParamTest" name="testTitle" time="0.022"/>
  <system-out/>
</testsuite> <!-- a3_parameterization.ParamTest -->
