<?xml version="1.0" encoding="UTF-8"?>
<!-- Generated by org.testng.reporters.JUnitReportReporter -->
<testsuite hostname="DESKTOP-BPCSJES" failures="0" tests="3" name="a2_annotations.Grouping" time="0.022" errors="0" timestamp="2022-02-27T13:45:46 IST" skipped="0">
  <testcase classname="a2_annotations.Grouping" name="loginByfacebook" time="0.014"/>
  <system-out/>
  <testcase classname="a2_annotations.Grouping" name="loginBytwitter" time="0.003"/>
  <system-out/>
  <testcase classname="a2_annotations.Grouping" name="paymentindollar" time="0.005"/>
  <system-out/>
</testsuite> <!-- a2_annotations.Grouping -->
