<?xml version="1.0" encoding="UTF-8"?>
<!-- Generated by org.testng.reporters.JUnitReportReporter -->
<testsuite hostname="DESKTOP-BPCSJES" failures="0" tests="4" name="a1_simpletestcases.FirstTestCase" time="0.020" errors="0" timestamp="2022-02-27T13:25:42 IST" skipped="0">
  <testcase classname="a1_simpletestcases.FirstTestCase" name="launchapp" time="0.003"/>
  <system-out/>
  <testcase classname="a1_simpletestcases.FirstTestCase" name="login" time="0.008"/>
  <system-out/>
  <testcase classname="a1_simpletestcases.FirstTestCase" name="logout" time="0.003"/>
  <system-out/>
  <testcase classname="a1_simpletestcases.FirstTestCase" name="closeapp" time="0.006"/>
  <system-out/>
</testsuite> <!-- a1_simpletestcases.FirstTestCase -->
